<?xml version="1.0" encoding="UTF-8"?>
<!-- Generated by org.testng.reporters.JUnitReportReporter -->
<testsuite name="apache.maven.org.maven_proj.SeleniumCaseStudyTest" tests="1" time="53.029" ignored="0" failures="0" timestamp="20 May 2018 22:21:23 GMT" skipped="0" hostname="DESKTOP-HAHT87R" errors="0">
  <testcase name="seleniumTest" time="53.029" classname="apache.maven.org.maven_proj.SeleniumCaseStudyTest"/>
</testsuite> <!-- apache.maven.org.maven_proj.SeleniumCaseStudyTest -->
