<?xml version="1.0" encoding="UTF-8"?>
<!-- Generated by org.testng.reporters.JUnitReportReporter -->
<testsuite name="apache.maven.org.maven_proj.SeleniumCaseStudy" tests="1" time="26.590" ignored="0" failures="0" timestamp="20 May 2018 11:28:02 GMT" skipped="0" hostname="DESKTOP-HAHT87R" errors="0">
  <testcase name="seleniumTest" time="26.590" classname="apache.maven.org.maven_proj.SeleniumCaseStudy"/>
</testsuite> <!-- apache.maven.org.maven_proj.SeleniumCaseStudy -->
